<?xml version="1.0" encoding="UTF-8"?>
<!-- Generated by org.testng.reporters.JUnitXMLReporter -->
<testsuite ignored="1" hostname="ruhul" failures="0" tests="1" name="Default test" time="12.089" errors="0" timestamp="2023-11-22T18:03:46 EST">
  <testcase classname="pagesTest.HomePageTest" name="autoTest" time="5.355"/>
  <testcase classname="pagesTest.HomePageTest" name="inputTextInUserIdFieldTest" time="0.0">
    <ignored/>
  </testcase> <!-- inputTextInUserIdFieldTest -->
</testsuite> <!-- Default test -->
