<?xml version="1.0" encoding="UTF-8"?>
<testng-results ignored="0" total="1" passed="1" failed="0" skipped="0">
  <reporter-output>
  </reporter-output>
  <suite started-at="2023-11-13T17:16:35 MST" name="Default suite" finished-at="2023-11-13T17:16:42 MST" duration-ms="7239">
    <groups>
    </groups>
    <test started-at="2023-11-13T17:16:35 MST" name="Default test" finished-at="2023-11-13T17:16:42 MST" duration-ms="7239">
      <class name="pagesTest.HomePageTest">
        <test-method is-config="true" signature="setUP()[pri:0, instance:pagesTest.HomePageTest@740cae06]" started-at="2023-11-13T17:16:35 MST" name="setUP" finished-at="2023-11-13T17:16:39 MST" duration-ms="3552" status="PASS">
          <reporter-output>
          </reporter-output>
        </test-method> <!-- setUP -->
        <test-method signature="autoTest()[pri:0, instance:pagesTest.HomePageTest@740cae06]" started-at="2023-11-13T17:16:39 MST" name="autoTest" finished-at="2023-11-13T17:16:42 MST" duration-ms="3310" status="PASS">
          <reporter-output>
          </reporter-output>
        </test-method> <!-- autoTest -->
        <test-method is-config="true" signature="tearUp()[pri:0, instance:pagesTest.HomePageTest@740cae06]" started-at="2023-11-13T17:16:42 MST" name="tearUp" finished-at="2023-11-13T17:16:42 MST" duration-ms="307" status="PASS">
          <reporter-output>
          </reporter-output>
        </test-method> <!-- tearUp -->
      </class> <!-- pagesTest.HomePageTest -->
    </test> <!-- Default test -->
  </suite> <!-- Default suite -->
</testng-results>
