<?xml version="1.0" encoding="UTF-8"?>
<testng-results ignored="0" total="1" passed="1" failed="0" skipped="0">
  <reporter-output>
  </reporter-output>
  <suite started-at="2023-11-22T18:03:34 EST" name="Default suite" finished-at="2023-11-22T18:03:46 EST" duration-ms="12089">
    <groups>
    </groups>
    <test started-at="2023-11-22T18:03:34 EST" name="Default test" finished-at="2023-11-22T18:03:46 EST" duration-ms="12089">
      <class name="pagesTest.HomePageTest">
        <test-method is-config="true" signature="setUP()[pri:0, instance:pagesTest.HomePageTest@62f11ebb]" started-at="2023-11-22T18:03:34 EST" name="setUP" finished-at="2023-11-22T18:03:40 EST" duration-ms="6496" status="PASS">
          <reporter-output>
          </reporter-output>
        </test-method> <!-- setUP -->
        <test-method signature="autoTest()[pri:0, instance:pagesTest.HomePageTest@62f11ebb]" started-at="2023-11-22T18:03:40 EST" name="autoTest" finished-at="2023-11-22T18:03:46 EST" duration-ms="5355" status="PASS">
          <reporter-output>
          </reporter-output>
        </test-method> <!-- autoTest -->
        <test-method is-config="true" signature="tearUp()[pri:0, instance:pagesTest.HomePageTest@62f11ebb]" started-at="2023-11-22T18:03:46 EST" name="tearUp" finished-at="2023-11-22T18:03:46 EST" duration-ms="172" status="PASS">
          <reporter-output>
          </reporter-output>
        </test-method> <!-- tearUp -->
      </class> <!-- pagesTest.HomePageTest -->
    </test> <!-- Default test -->
  </suite> <!-- Default suite -->
</testng-results>
